<?xml version="1.0" encoding="UTF-8"?>
<testng-results ignored="0" total="2" passed="2" failed="0" skipped="0">
  <reporter-output>
  </reporter-output>
  <suite started-at="2025-10-08T15:35:34 IST" name="Suite" finished-at="2025-10-08T15:36:11 IST" duration-ms="37524">
    <groups>
      <group name="regration">
        <method signature="TC002_LoginTest.login()[pri:0, instance:testCases.TC002_LoginTest@737a135b]" name="login" class="testCases.TC002_LoginTest"/>
      </group> <!-- regration -->
      <group name="sanity">
        <method signature="TC001_AccCreation.verifyAcc()[pri:0, instance:testCases.TC001_AccCreation@13d9b21f]" name="verifyAcc" class="testCases.TC001_AccCreation"/>
        <method signature="TC002_LoginTest.login()[pri:0, instance:testCases.TC002_LoginTest@737a135b]" name="login" class="testCases.TC002_LoginTest"/>
      </group> <!-- sanity -->
      <group name="master">
        <method signature="TC001_AccCreation.verifyAcc()[pri:0, instance:testCases.TC001_AccCreation@13d9b21f]" name="verifyAcc" class="testCases.TC001_AccCreation"/>
        <method signature="TC002_LoginTest.login()[pri:0, instance:testCases.TC002_LoginTest@737a135b]" name="login" class="testCases.TC002_LoginTest"/>
      </group> <!-- master -->
    </groups>
    <test started-at="2025-10-08T15:35:34 IST" name="Test" finished-at="2025-10-08T15:36:11 IST" duration-ms="37524">
      <class name="testCases.TC001_AccCreation">
        <test-method is-config="true" signature="setup(java.lang.String,java.lang.String)[pri:0, instance:testCases.TC001_AccCreation@13d9b21f]" started-at="2025-10-08T15:35:35 IST" name="setup" finished-at="2025-10-08T15:35:48 IST" duration-ms="13250" status="PASS">
          <params>
            <param index="0">
              <value>
                <![CDATA[windows]]>
              </value>
            </param>
            <param index="1">
              <value>
                <![CDATA[chrome]]>
              </value>
            </param>
          </params>
          <reporter-output>
          </reporter-output>
        </test-method> <!-- setup -->
        <test-method signature="verifyAcc()[pri:0, instance:testCases.TC001_AccCreation@13d9b21f]" started-at="2025-10-08T15:35:48 IST" name="verifyAcc" finished-at="2025-10-08T15:35:56 IST" duration-ms="8423" status="PASS">
          <reporter-output>
          </reporter-output>
        </test-method> <!-- verifyAcc -->
        <test-method is-config="true" signature="tearDown()[pri:0, instance:testCases.TC001_AccCreation@13d9b21f]" started-at="2025-10-08T15:35:56 IST" name="tearDown" finished-at="2025-10-08T15:35:57 IST" duration-ms="1122" status="PASS">
          <reporter-output>
          </reporter-output>
        </test-method> <!-- tearDown -->
      </class> <!-- testCases.TC001_AccCreation -->
      <class name="testCases.TC002_LoginTest">
        <test-method is-config="true" signature="setup(java.lang.String,java.lang.String)[pri:0, instance:testCases.TC002_LoginTest@737a135b]" started-at="2025-10-08T15:35:57 IST" name="setup" finished-at="2025-10-08T15:36:06 IST" duration-ms="8174" status="PASS">
          <params>
            <param index="0">
              <value>
                <![CDATA[windows]]>
              </value>
            </param>
            <param index="1">
              <value>
                <![CDATA[chrome]]>
              </value>
            </param>
          </params>
          <reporter-output>
          </reporter-output>
        </test-method> <!-- setup -->
        <test-method signature="login()[pri:0, instance:testCases.TC002_LoginTest@737a135b]" started-at="2025-10-08T15:36:06 IST" name="login" finished-at="2025-10-08T15:36:10 IST" duration-ms="4472" status="PASS">
          <reporter-output>
          </reporter-output>
        </test-method> <!-- login -->
        <test-method is-config="true" signature="tearDown()[pri:0, instance:testCases.TC002_LoginTest@737a135b]" started-at="2025-10-08T15:36:10 IST" name="tearDown" finished-at="2025-10-08T15:36:11 IST" duration-ms="1074" status="PASS">
          <reporter-output>
          </reporter-output>
        </test-method> <!-- tearDown -->
      </class> <!-- testCases.TC002_LoginTest -->
    </test> <!-- Test -->
  </suite> <!-- Suite -->
</testng-results>
