<?xml version="1.0" encoding="UTF-8"?>
<testng-results ignored="0" total="2" passed="2" failed="0" skipped="0">
  <reporter-output>
  </reporter-output>
  <suite started-at="2025-10-07T20:17:06 IST" name="Suite" finished-at="2025-10-07T20:17:31 IST" duration-ms="25378">
    <groups>
      <group name="regration">
        <method signature="TC002_LoginTest.login()[pri:0, instance:testCases.TC002_LoginTest@15dcfae7]" name="login" class="testCases.TC002_LoginTest"/>
      </group> <!-- regration -->
      <group name="sanity">
        <method signature="TC001_AccCreation.verifyAcc()[pri:0, instance:testCases.TC001_AccCreation@62727399]" name="verifyAcc" class="testCases.TC001_AccCreation"/>
        <method signature="TC002_LoginTest.login()[pri:0, instance:testCases.TC002_LoginTest@15dcfae7]" name="login" class="testCases.TC002_LoginTest"/>
      </group> <!-- sanity -->
      <group name="master">
        <method signature="TC001_AccCreation.verifyAcc()[pri:0, instance:testCases.TC001_AccCreation@62727399]" name="verifyAcc" class="testCases.TC001_AccCreation"/>
        <method signature="TC002_LoginTest.login()[pri:0, instance:testCases.TC002_LoginTest@15dcfae7]" name="login" class="testCases.TC002_LoginTest"/>
      </group> <!-- master -->
    </groups>
    <test started-at="2025-10-07T20:17:06 IST" name="Test" finished-at="2025-10-07T20:17:31 IST" duration-ms="25378">
      <class name="testCases.TC001_AccCreation">
        <test-method is-config="true" signature="setup(java.lang.String,java.lang.String)[pri:0, instance:testCases.TC001_AccCreation@62727399]" started-at="2025-10-07T20:17:06 IST" name="setup" finished-at="2025-10-07T20:17:15 IST" duration-ms="8653" status="PASS">
          <params>
            <param index="0">
              <value>
                <![CDATA[windows]]>
              </value>
            </param>
            <param index="1">
              <value>
                <![CDATA[chrome]]>
              </value>
            </param>
          </params>
          <reporter-output>
          </reporter-output>
        </test-method> <!-- setup -->
        <test-method signature="verifyAcc()[pri:0, instance:testCases.TC001_AccCreation@62727399]" started-at="2025-10-07T20:17:15 IST" name="verifyAcc" finished-at="2025-10-07T20:17:20 IST" duration-ms="5027" status="PASS">
          <reporter-output>
          </reporter-output>
        </test-method> <!-- verifyAcc -->
        <test-method is-config="true" signature="tearDown()[pri:0, instance:testCases.TC001_AccCreation@62727399]" started-at="2025-10-07T20:17:20 IST" name="tearDown" finished-at="2025-10-07T20:17:21 IST" duration-ms="492" status="PASS">
          <reporter-output>
          </reporter-output>
        </test-method> <!-- tearDown -->
      </class> <!-- testCases.TC001_AccCreation -->
      <class name="testCases.TC002_LoginTest">
        <test-method is-config="true" signature="setup(java.lang.String,java.lang.String)[pri:0, instance:testCases.TC002_LoginTest@15dcfae7]" started-at="2025-10-07T20:17:21 IST" name="setup" finished-at="2025-10-07T20:17:27 IST" duration-ms="6701" status="PASS">
          <params>
            <param index="0">
              <value>
                <![CDATA[windows]]>
              </value>
            </param>
            <param index="1">
              <value>
                <![CDATA[chrome]]>
              </value>
            </param>
          </params>
          <reporter-output>
          </reporter-output>
        </test-method> <!-- setup -->
        <test-method signature="login()[pri:0, instance:testCases.TC002_LoginTest@15dcfae7]" started-at="2025-10-07T20:17:27 IST" name="login" finished-at="2025-10-07T20:17:31 IST" duration-ms="3284" status="PASS">
          <reporter-output>
          </reporter-output>
        </test-method> <!-- login -->
        <test-method is-config="true" signature="tearDown()[pri:0, instance:testCases.TC002_LoginTest@15dcfae7]" started-at="2025-10-07T20:17:31 IST" name="tearDown" finished-at="2025-10-07T20:17:31 IST" duration-ms="537" status="PASS">
          <reporter-output>
          </reporter-output>
        </test-method> <!-- tearDown -->
      </class> <!-- testCases.TC002_LoginTest -->
    </test> <!-- Test -->
  </suite> <!-- Suite -->
</testng-results>
